10:42:07.134 [print] NUTPwJuelL
10:42:07.142 [print] {
  "name": "tom",
  "gender": "male",
  "status": "active",
  "email": "NUTPwJuelL@gmail.com"
}

10:42:07.779 request:
1 > POST https://gorest.co.in/public/v1/users
1 > Accept-Encoding: gzip,deflate
1 > Authorization: Bearer 007526d9efdbc07e084ff7a6d4cfcc90588fbe20641c00faebf45a7f3b2eaf33
1 > Connection: Keep-Alive
1 > Content-Length: 79
1 > Content-Type: application/json; charset=UTF-8
1 > Host: gorest.co.in
1 > User-Agent: Apache-HttpClient/4.5.12 (Java/1.8.0_311)
{"name":"tom","gender":"male","status":"active","email":"NUTPwJuelL@gmail.com"}

10:42:08.927 response time in milliseconds: 1145.06
1 < 201
1 < Cache-Control: max-age=0, private, must-revalidate
1 < Connection: keep-alive
1 < Content-Type: application/json; charset=utf-8
1 < Date: Fri, 29 Apr 2022 14:42:08 GMT
1 < ETag: W/"ae1f2044d3f0ff875693f97c09727a0f"
1 < Location: https://gorest.co.in/public/v1/users/10916
1 < Referrer-Policy: strict-origin-when-cross-origin
1 < Server: nginx
1 < Strict-Transport-Security: max-age=63072000; includeSubDomains
1 < Transfer-Encoding: chunked
1 < Vary: Origin
1 < X-Content-Type-Options: nosniff
1 < X-Download-Options: noopen
1 < X-Frame-Options: SAMEORIGIN
1 < X-Permitted-Cross-Domain-Policies: none
1 < X-RateLimit-Limit: 90
1 < X-RateLimit-Remaining: 89
1 < X-RateLimit-Reset: 1
1 < X-Request-Id: 2a943271-ef4c-4ab0-89b7-63a56c05b50e
1 < X-Runtime: 0.020585
1 < X-XSS-Protection: 0
{"meta":null,"data":{"id":10916,"name":"tom","email":"NUTPwJuelL@gmail.com","gender":"male","status":"active"}}

0_311)

10:41:30.931 response time in milliseconds: 976.07
1 < 404
1 < Cache-Control: no-cache
1 < Connection: keep-alive
1 < Content-Type: application/json; charset=utf-8
1 < Date: Fri, 29 Apr 2022 14:41:30 GMT
1 < Referrer-Policy: strict-origin-when-cross-origin
1 < Server: nginx
1 < Strict-Transport-Security: max-age=63072000; includeSubDomains
1 < Transfer-Encoding: chunked
1 < Vary: [Accept-Encoding, Origin]
1 < X-Content-Type-Options: nosniff
1 < X-Download-Options: noopen
1 < X-Frame-Options: SAMEORIGIN
1 < X-Permitted-Cross-Domain-Policies: none
1 < X-Request-Id: 826eb1e1-d24a-49dd-9914-7c3a4576ac4d
1 < X-Runtime: 0.003487
1 < X-XSS-Protection: 0
{"meta":null,"data":{"message":"Resource not found"}}

10:41:30.932 status code was: 404, expected: 200, response time: 976, url: https://gorest.co.in/public/v1/users/30, response: {"data":{"message":"Resource not found"},"meta":null}
10:41:30.946 request:
1 > GET https://gorest.co.in/public/v1/users/1
1 > Accept-Encoding: gzip,deflate
1 > Connection: Keep-Alive
1 > Host: gorest.co.in
1 > User-Agent: Apache-HttpClient/4.5.12 (Java/1.8.0_311)

10:41:31.945 response time in milliseconds: 997.23
1 < 404
1 < Cache-Control: no-cache
1 < Connection: keep-alive
1 < Content-Type: application/json; charset=utf-8
1 < Date: Fri, 29 Apr 2022 14:41:31 GMT
1 < Referrer-Policy: strict-origin-when-cross-origin
1 < Server: nginx
1 < Strict-Transport-Security: max-age=63072000; includeSubDomains
1 < Transfer-Encoding: chunked
1 < Vary: [Accept-Encoding, Origin]
1 < X-Content-Type-Options: nosniff
1 < X-Download-Options: noopen
1 < X-Frame-Options: SAMEORIGIN
1 < X-Permitted-Cross-Domain-Policies: none
1 < X-Request-Id: e303e09a-c408-48c0-95d0-349ed3173616
1 < X-Runtime: 0.003327
1 < X-XSS-Protection: 0
{"meta":null,"data":{"message":"Resource not found"}}

10:41:32.013 request:
1 > GET https://gorest.co.in/public/v1/users?status=active&gender=female&id=23
1 > Accept-Encoding: gzip,deflate
1 > Connection: Keep-Alive
1 > Host: gorest.co.in
1 > User-Agent: Apache-HttpClient/4.5.12 (Java/1.8.0_311)

10:41:32.964 response time in milliseconds: 949.61
1 < 200
1 < Cache-Control: max-age=0, private, must-revalidate
1 < Connection: keep-alive
1 < Content-Type: application/json; charset=utf-8
1 < Date: Fri, 29 Apr 2022 14:41:32 GMT
1 < ETag: W/"996e3e39561b73e0aaf72fec3fa2ca2d"
1 < Referrer-Policy: strict-origin-when-cross-origin
1 < Server: nginx
1 < Strict-Transport-Security: max-age=63072000; includeSubDomains
1 < Transfer-Encoding: chunked
1 < Vary: [Accept-Encoding, Origin]
1 < X-Content-Type-Options: nosniff
1 < X-Download-Options: noopen
1 < X-Frame-Options: SAMEORIGIN
1 < X-Permitted-Cross-Domain-Policies: none
1 < X-Request-Id: 38b213c1-667d-440a-9f5b-fd9b59a354a3
1 < X-Runtime: 0.005757
1 < X-XSS-Protection: 0
{"meta":{"pagination":{"total":0,"pages":0,"page":1,"limit":20,"links":{"previous":null,"current":null,"next":null}}},"data":[]}

10:41:32.966 [print] {
  "data": [
  ],
  "meta": {
    "pagination": {
      "total": 0,
      "pages": 0,
      "limit": 20,
      "links": {
        "next": null,
        "current": null,
        "previous": null
      },
      "page": 1
    }
  }
}

10:41:32.997 request:
1 > GET https://gorest.co.in/public/v1/users?status=active
1 > Accept-Encoding: gzip,deflate
1 > Connection: Keep-Alive
1 > Host: gorest.co.in
1 > User-Agent: Apache-HttpClient/4.5.12 (Java/1.8.0_311)

10:41:33.922 response time in milliseconds: 922.08
1 < 200
1 < Cache-Control: max-age=0, private, must-revalidate
1 < Connection: keep-alive
1 < Content-Type: application/json; charset=utf-8
1 < Date: Fri, 29 Apr 2022 14:41:33 GMT
1 < ETag: W/"67bcee5f960ce12ab271d1e9fc916e54"
1 < Referrer-Policy: strict-origin-when-cross-origin
1 < Server: nginx
1 < Strict-Transport-Security: max-age=63072000; includeSubDomains
1 < Transfer-Encoding: chunked
1 < Vary: [Accept-Encoding, Origin]
1 < X-Content-Type-Options: nosniff
1 < X-Download-Options: noopen
1 < X-Frame-Options: SAMEORIGIN
1 < X-Permitted-Cross-Domain-Policies: none
1 < X-Request-Id: 99ae2282-1e94-43c2-aa8f-ad344cd921d4
1 < X-Runtime: 0.008368
1 < X-XSS-Protection: 0
{"meta":{"pagination":{"total":1077,"pages":54,"page":1,"limit":20,"links":{"previous":null,"current":"https://gorest.co.in/public/v1/users?page=1","next":"https://gorest.co.in/public/v1/users?page=2"}}},"data":[{"id":2232,"name":"Sunita Dhawan","email":"sunita_dhawan@cruickshank.info","gender":"female","status":"active"},{"id":2231,"name":"Bhupen Ahuja","email":"ahuja_bhupen@renner-parisian.biz","gender":"male","status":"active"},{"id":2229,"name":"Jagdeep Iyengar","email":"iyengar_jagdeep@feil.io","gender":"male","status":"active"},{"id":2228,"name":"Rajendra Bhattathiri","email":"rajendra_bhattathiri@leannon.info","gender":"female","status":"active"},{"id":2226,"name":"Ojaswini Bhat","email":"bhat_ojaswini@davis-runolfsson.name","gender":"female","status":"active"},{"id":2224,"name":"Manik Varma","email":"varma_manik@wyman-jerde.io","gender":"female","status":"active"},{"id":2221,"name":"Rohan Gandhi","email":"rohan_gandhi@kiehn-bartell.org","gender":"female","status":"active"},{"id":2220,"name":"Chitramala Bhat","email":"chitramala_bhat@ohara-heller.org","gender":"male","status":"active"},{"id":2218,"name":"Aaditya Nayar","email":"nayar_aaditya@bernier-zboncak.com","gender":"female","status":"active"},{"id":2213,"name":"Aalok Malik","email":"aalok_malik@cruickshank-jenkins.name","gender":"male","status":"active"},{"id":2210,"name":"Malti Bhat","email":"malti_bhat@hilll-hermann.info","gender":"male","status":"active"},{"id":2209,"name":"Vasudeva Agarwal","email":"agarwal_vasudeva@hermann.name","gender":"female","status":"active"},{"id":2208,"name":"Gorakhanatha Nambeesan","email":"nambeesan_gorakhanatha@ratke-friesen.com","gender":"female","status":"active"},{"id":2207,"name":"Devdan Khanna","email":"devdan_khanna@adams-hayes.co","gender":"male","status":"active"},{"id":2205,"name":"Sen. Ojaswini Mukhopadhyay","email":"mukhopadhyay_ojaswini_sen@breitenberg.org","gender":"female","status":"active"},{"id":2204,"name":"Manikya Gupta CPA","email":"gupta_cpa_manikya@schmitt-fisher.com","gender":"male","status":"active"},{"id":2202,"name":"Kali Chopra","email":"chopra_kali@windler.co","gender":"male","status":"active"},{"id":2200,"name":"Ajeet Talwar","email":"ajeet_talwar@zulauf.co","gender":"female","status":"active"},{"id":2199,"name":"Garuda Abbott","email":"garuda_abbott@lemke.co","gender":"male","status":"active"},{"id":2197,"name":"Saraswati Mishra","email":"mishra_saraswati@kunze.org","gender":"male","status":"active"}]}

10:41:33.929 [print] {
  "data": [
    {
      "gender": "female",
      "name": "Sunita Dhawan",
      "id": 2232,
      "email": "sunita_dhawan@cruickshank.info",
      "status": "active"
    },
    {
      "gender": "male",
      "name": "Bhupen Ahuja",
      "id": 2231,
      "email": "ahuja_bhupen@renner-parisian.biz",
      "status": "active"
    },
    {
      "gender": "male",
      "name": "Jagdeep Iyengar",
      "id": 2229,
      "email": "iyengar_jagdeep@feil.io",
      "status": "active"
    },
    {
      "gender": "female",
      "name": "Rajendra Bhattathiri",
      "id": 2228,
      "email": "rajendra_bhattathiri@leannon.info",
      "status": "active"
    },
    {
      "gender": "female",
      "name": "Ojaswini Bhat",
      "id": 2226,
      "email": "bhat_ojaswini@davis-runolfsson.name",
      "status": "active"
    },
    {
      "gender": "female",
      "name": "Manik Varma",
      "id": 2224,
      "email": "varma_manik@wyman-jerde.io",
      "status": "active"
    },
    {
      "gender": "female",
      "name": "Rohan Gandhi",
      "id": 2221,
      "email": "rohan_gandhi@kiehn-bartell.org",
      "status": "active"
    },
    {
      "gender": "male",
      "name": "Chitramala Bhat",
      "id": 2220,
      "email": "chitramala_bhat@ohara-heller.org",
      "status": "active"
    },
    {
      "gender": "female",
      "name": "Aaditya Nayar",
      "id": 2218,
      "email": "nayar_aaditya@bernier-zboncak.com",
      "status": "active"
    },
    {
      "gender": "male",
      "name": "Aalok Malik",
      "id": 2213,
      "email": "aalok_malik@cruickshank-jenkins.name",
      "status": "active"
    },
    {
      "gender": "male",
      "name": "Malti Bhat",
      "id": 2210,
      "email": "malti_bhat@hilll-hermann.info",
      "status": "active"
    },
    {
      "gender": "female",
      "name": "Vasudeva Agarwal",
      "id": 2209,
      "email": "agarwal_vasudeva@hermann.name",
      "status": "active"
    },
    {
      "gender": "female",
      "name": "Gorakhanatha Nambeesan",
      "id": 2208,
      "email": "nambeesan_gorakhanatha@ratke-friesen.com",
      "status": "active"
    },
    {
      "gender": "male",
      "name": "Devdan Khanna",
      "id": 2207,
      "email": "devdan_khanna@adams-hayes.co",
      "status": "active"
    },
    {
      "gender": "female",
      "name": "Sen. Ojaswini Mukhopadhyay",
      "id": 2205,
      "email": "mukhopadhyay_ojaswini_sen@breitenberg.org",
      "status": "active"
    },
    {
      "gender": "male",
      "name": "Manikya Gupta CPA",
      "id": 2204,
      "email": "gupta_cpa_manikya@schmitt-fisher.com",
      "status": "active"
    },
    {
      "gender": "male",
      "name": "Kali Chopra",
      "id": 2202,
      "email": "chopra_kali@windler.co",
      "status": "active"
    },
    {
      "gender": "female",
      "name": "Ajeet Talwar",
      "id": 2200,
      "email": "ajeet_talwar@zulauf.co",
      "status": "active"
    },
    {
      "gender": "male",
      "name": "Garuda Abbott",
      "id": 2199,
      "email": "garuda_abbott@lemke.co",
      "status": "active"
    },
    {
      "gender": "male",
      "name": "Saraswati Mishra",
      "id": 2197,
      "email": "mishra_saraswati@kunze.org",
      "status": "active"
    }
  ],
  "meta": {
    "pagination": {
      "total": 1077,
      "pages": 54,
      "limit": 20,
      "links": {
        "next": "https://gorest.co.in/public/v1/users?page=2",
        "current": "https://gorest.co.in/public/v1/users?page=1",
        "previous": null
      },
      "page": 1
    }
  }
}

10:41:33.952 [print] 20
10:41:34.006 request:
1 > GET https://gorest.co.in/public/v1/users/30
1 > Accept-Encoding: gzip,deflate
1 > Authorization: Bearer 007526d9efdbc07e084ff7a6d4cfcc90588fbe20641c00faebf45a7f3b2eaf33
1 > Connection: Keep-Alive
1 > Content-Type: text/xml;charset=ISO-8859-1
1 > Expect: 100-continue
1 > Host: gorest.co.in
1 > User-Agent: Mozilla/4.0(compatible;IE;GACv7. 1. 5192. 22378)

10:41:34.932 response time in milliseconds: 925.29
1 < 404
1 < Cache-Control: no-cache
1 < Connection: keep-alive
1 < Content-Type: application/json; charset=utf-8
1 < Date: Fri, 29 Apr 2022 14:41:34 GMT
1 < Referrer-Policy: strict-origin-when-cross-origin
1 < Server: nginx
1 < Strict-Transport-Security: max-age=63072000; includeSubDomains
1 < Transfer-Encoding: chunked
1 < Vary: [Accept-Encoding, Origin]
1 < X-Content-Type-Options: nosniff
1 < X-Download-Options: noopen
1 < X-Frame-Options: SAMEORIGIN
1 < X-Permitted-Cross-Domain-Policies: none
1 < X-RateLimit-Limit: 90
1 < X-RateLimit-Remaining: 89
1 < X-RateLimit-Reset: 1
1 < X-Request-Id: 2061db76-2539-4b67-be23-827c0d574963
1 < X-Runtime: 0.014938
1 < X-XSS-Protection: 0
{"meta":null,"data":{"message":"Resource not found"}}

10:41:34.933 status code was: 404, expected: 200, response time: 925, url: https://gorest.co.in/public/v1/users/30, response: {"data":{"message":"Resource not found"},"meta":null}
10:41:34.940 request:
1 > GET https://gorest.co.in/public/v1/users/30
1 > Accept-Encoding: gzip,deflate
1 > Connection: Keep-Alive
1 > Content-Type: text/xml;charset=ISO-8859-1
1 > Host: gorest.co.in
1 > User-Agent: Mozilla/4.0(compatible;IE;GACv7 1 5192 22378)

10:41:35.937 response time in milliseconds: 996.07
1 < 404
1 < Cache-Control: no-cache
1 < Connection: keep-alive
1 < Content-Type: application/json; charset=utf-8
1 < Date: Fri, 29 Apr 2022 14:41:35 GMT
1 < Referrer-Policy: strict-origin-when-cross-origin
1 < Server: nginx
1 < Strict-Transport-Security: max-age=63072000; includeSubDomains
1 < Transfer-Encoding: chunked
1 < Vary: [Accept-Encoding, Origin]
1 < X-Content-Type-Options: nosniff
1 < X-Download-Options: noopen
1 < X-Frame-Options: SAMEORIGIN
1 < X-Permitted-Cross-Domain-Policies: none
1 < X-Request-Id: dc1e4a56-bc19-4b7e-8ac0-6a8cb7c420ad
1 < X-Runtime: 0.003345
1 < X-XSS-Protection: 0
{"meta":null,"data":{"message":"Resource not found"}}

10:41:35.938 status code was: 404, expected: 200, response time: 996, url: https://gorest.co.in/public/v1/users/30, response: {"data":{"message":"Resource not found"},"meta":null}
10:41:35.955 request:
1 > GET https://gorest.co.in/public/v1/users/30
1 > Accept-Encoding: gzip,deflate
1 > Connection: Keep-Alive
1 > Content-Type: text/xml;charset=ISO-8859-1
1 > Host: gorest.co.in
1 > User-Agent: Mozilla/4.0(compatible;IE;GACv7 1 5192 22378)

10:41:36.865 response time in milliseconds: 909.17
1 < 404
1 < Cache-Control: no-cache
1 < Connection: keep-alive
1 < Content-Type: application/json; charset=utf-8
1 < Date: Fri, 29 Apr 2022 14:41:36 GMT
1 < Referrer-Policy: strict-origin-when-cross-origin
1 < Server: nginx
1 < Strict-Transport-Security: max-age=63072000; includeSubDomains
1 < Transfer-Encoding: chunked
1 < Vary: [Accept-Encoding, Origin]
1 < X-Content-Type-Options: nosniff
1 < X-Download-Options: noopen
1 < X-Frame-Options: SAMEORIGIN
1 < X-Permitted-Cross-Domain-Policies: none
1 < X-Request-Id: b16e68ea-6dbb-4239-8ce8-81095a3de8c2
1 < X-Runtime: 0.003548
1 < X-XSS-Protection: 0
{"meta":null,"data":{"message":"Resource not found"}}

10:41:36.866 status code was: 404, expected: 200, response time: 909, url: https://gorest.co.in/public/v1/users/30, response: {"data":{"message":"Resource not found"},"meta":null}
10:41:36.932 [print] [
  {
    "name": "Tom",
    "city": "Bangalore",
    "age": 25
  },
  {
    "name": "Peter",
    "city": "LA",
    "age": 35
  }
]

10:41:36.947 [print] Tom
10:41:36.952 [print] Peter LA 35
10:41:36.956 [print] {
  "menu": {
    "id": "file",
    "value": "File",
    "popup": {
      "menuitem": [
        {
          "value": "New",
          "onclick": "CreateNewDoc()"
        },
        {
          "value": "Open",
          "onclick": "OpenDoc()"
        },
        {
          "value": "Close",
          "onclick": "CloseDoc()"
        }
      ]
    }
  }
}

10:41:36.959 [print] {
  "id": "file",
  "value": "File",
  "popup": {
    "menuitem": [
      {
        "value": "New",
        "onclick": "CreateNewDoc()"
      },
      {
        "value": "Open",
        "onclick": "OpenDoc()"
      },
      {
        "value": "Close",
        "onclick": "CloseDoc()"
      }
    ]
  }
}

10:41:36.962 [print] file
10:41:36.964 [print] {
  "menuitem": [
    {
      "value": "New",
      "onclick": "CreateNewDoc()"
    },
    {
      "value": "Open",
      "onclick": "OpenDoc()"
    },
    {
      "value": "Close",
      "onclick": "CloseDoc()"
    }
  ]
}

10:41:36.967 [print] [
  {
    "value": "New",
    "onclick": "CreateNewDoc()"
  },
  {
    "value": "Open",
    "onclick": "OpenDoc()"
  },
  {
    "value": "Close",
    "onclick": "CloseDoc()"
  }
]

10:41:36.970 [print] New
10:41:36.975 [print] CreateNewDoc()
10:41:37.005 request:
1 > POST https://gorest.co.in/public/v1/users
1 > Accept-Encoding: gzip,deflate
1 > Authorization: Bearer 007526d9efdbc07e084ff7a6d4cfcc90588fbe20641c00faebf45a7f3b2eaf33
1 > Connection: Keep-Alive
1 > Content-Length: 74
1 > Content-Type: application/json; charset=UTF-8
1 > Host: gorest.co.in
1 > User-Agent: Apache-HttpClient/4.5.12 (Java/1.8.0_311)
{"name":"tom","email":"tom24@gmail.com","gender":"male","status":"active"}

10:41:38.000 response time in milliseconds: 993.97
1 < 422
1 < Cache-Control: no-cache
1 < Connection: keep-alive
1 < Content-Type: application/json; charset=utf-8
1 < Date: Fri, 29 Apr 2022 14:41:37 GMT
1 < Referrer-Policy: strict-origin-when-cross-origin
1 < Server: nginx
1 < Strict-Transport-Security: max-age=63072000; includeSubDomains
1 < Transfer-Encoding: chunked
1 < Vary: Origin
1 < X-Content-Type-Options: nosniff
1 < X-Download-Options: noopen
1 < X-Frame-Options: SAMEORIGIN
1 < X-Permitted-Cross-Domain-Policies: none
1 < X-RateLimit-Limit: 90
1 < X-RateLimit-Remaining: 89
1 < X-RateLimit-Reset: 1
1 < X-Request-Id: 8411f5c6-8ab6-4705-8ddd-daa194a7704d
1 < X-Runtime: 0.018459
1 < X-XSS-Protection: 0
{"meta":null,"data":[{"field":"email","message":"has already been taken"}]}

10:41:38.001 status code was: 422, expected: 201, response time: 994, url: https://gorest.co.in/public/v1/users, response: {"data":[{"field":"email","message":"has already been taken"}],"meta":null}
10:41:38.072 [print] rFmvAEjBez
10:41:38.081 [print] {
  "name": "tom",
  "gender": "male",
  "status": "active",
  "email": "rFmvAEjBez@gmail.com"
}

10:41:38.083 request:
1 > POST https://gorest.co.in/public/v1/users
1 > Accept-Encoding: gzip,deflate
1 > Authorization: Bearer 007526d9efdbc07e084ff7a6d4cfcc90588fbe20641c00faebf45a7f3b2eaf33
1 > Connection: Keep-Alive
1 > Content-Length: 79
1 > Content-Type: application/json; charset=UTF-8
1 > Host: gorest.co.in
1 > User-Agent: Apache-HttpClient/4.5.12 (Java/1.8.0_311)
{"name":"tom","gender":"male","status":"active","email":"rFmvAEjBez@gmail.com"}

10:41:38.991 response time in milliseconds: 906.96
1 < 201
1 < Cache-Control: max-age=0, private, must-revalidate
1 < Connection: keep-alive
1 < Content-Type: application/json; charset=utf-8
1 < Date: Fri, 29 Apr 2022 14:41:38 GMT
1 < ETag: W/"2441ff78cc3b24df89077f5ab4ce9259"
1 < Location: https://gorest.co.in/public/v1/users/10912
1 < Referrer-Policy: strict-origin-when-cross-origin
1 < Server: nginx
1 < Strict-Transport-Security: max-age=63072000; includeSubDomains
1 < Transfer-Encoding: chunked
1 < Vary: Origin
1 < X-Content-Type-Options: nosniff
1 < X-Download-Options: noopen
1 < X-Frame-Options: SAMEORIGIN
1 < X-Permitted-Cross-Domain-Policies: none
1 < X-RateLimit-Limit: 90
1 < X-RateLimit-Remaining: 89
1 < X-RateLimit-Reset: 1
1 < X-Request-Id: 8c29517a-9769-40d6-a0bb-4b5d3422c7ed
1 < X-Runtime: 0.021099
1 < X-XSS-Protection: 0
{"meta":null,"data":{"id":10912,"name":"tom","email":"rFmvAEjBez@gmail.com","gender":"male","status":"active"}}

10:41:39.033 [print] SpTQTJbteZ
10:41:39.034 [print] {
  "name": "tom",
  "gender": "male",
  "status": "active",
  "email": "SpTQTJbteZ@gmail.com"
}

10:41:39.036 request:
1 > POST https://gorest.co.in/public/v1/users
1 > Accept-Encoding: gzip,deflate
1 > Authorization: Bearer 007526d9efdbc07e084ff7a6d4cfcc90588fbe20641c00faebf45a7f3b2eaf33
1 > Connection: Keep-Alive
1 > Content-Length: 79
1 > Content-Type: application/json; charset=UTF-8
1 > Host: gorest.co.in
1 > User-Agent: Apache-HttpClient/4.5.12 (Java/1.8.0_311)
{"name":"tom","gender":"male","status":"active","email":"SpTQTJbteZ@gmail.com"}

10:41:40.082 response time in milliseconds: 1044.64
1 < 201
1 < Cache-Control: max-age=0, private, must-revalidate
1 < Connection: keep-alive
1 < Content-Type: application/json; charset=utf-8
1 < Date: Fri, 29 Apr 2022 14:41:40 GMT
1 < ETag: W/"48248530031ebd74f5f43dc57128d431"
1 < Location: https://gorest.co.in/public/v1/users/10913
1 < Referrer-Policy: strict-origin-when-cross-origin
1 < Server: nginx
1 < Strict-Transport-Security: max-age=63072000; includeSubDomains
1 < Transfer-Encoding: chunked
1 < Vary: Origin
1 < X-Content-Type-Options: nosniff
1 < X-Download-Options: noopen
1 < X-Frame-Options: SAMEORIGIN
1 < X-Permitted-Cross-Domain-Policies: none
1 < X-RateLimit-Limit: 90
1 < X-RateLimit-Remaining: 89
1 < X-RateLimit-Reset: 1
1 < X-Request-Id: 610b9e31-0ee5-4c96-9483-443149c5ae7e
1 < X-Runtime: 0.032802
1 < X-XSS-Protection: 0
{"meta":null,"data":{"id":10913,"name":"tom","email":"SpTQTJbteZ@gmail.com","gender":"male","status":"active"}}

10:41:40.134 [print] hello world
10:41:40.135 [print] hello Naveen automation Labs
10:41:40.144 [print] total amount ->230
10:41:40.151 [print] mul ->4000
00
>4000
